<?xml version="1.0" encoding="UTF-8"?>
<testng-results ignored="0" total="1" passed="0" failed="1" skipped="0">
  <reporter-output>
  </reporter-output>
  <suite started-at="2023-03-18T19:58:57 IST" name="Suite" finished-at="2023-03-18T19:59:12 IST" duration-ms="15011">
    <groups>
    </groups>
    <test started-at="2023-03-18T19:58:57 IST" name="Test" finished-at="2023-03-18T19:59:12 IST" duration-ms="15011">
      <class name="com.automation.testscripts.TS_PriceComparision_Demowebshop">
        <test-method is-config="true" signature="repconfig()[pri:0, instance:com.automation.testscripts.TS_PriceComparision_Demowebshop@6bedbc4d]" started-at="2023-03-18T19:58:57 IST" name="repconfig" finished-at="2023-03-18T19:58:57 IST" duration-ms="154" status="PASS">
          <reporter-output>
          </reporter-output>
        </test-method> <!-- repconfig -->
        <test-method is-config="true" signature="openBrowser()[pri:0, instance:com.automation.testscripts.TS_PriceComparision_Demowebshop@6bedbc4d]" started-at="2023-03-18T19:58:57 IST" name="openBrowser" finished-at="2023-03-18T19:59:00 IST" duration-ms="2567" status="PASS">
          <reporter-output>
          </reporter-output>
        </test-method> <!-- openBrowser -->
        <test-method is-config="true" signature="log_In()[pri:0, instance:com.automation.testscripts.TS_PriceComparision_Demowebshop@6bedbc4d]" started-at="2023-03-18T19:59:00 IST" name="log_In" finished-at="2023-03-18T19:59:07 IST" duration-ms="7478" status="PASS">
          <reporter-output>
          </reporter-output>
        </test-method> <!-- log_In -->
        <test-method signature="pricecompare()[pri:0, instance:com.automation.testscripts.TS_PriceComparision_Demowebshop@6bedbc4d]" started-at="2023-03-18T19:59:07 IST" name="pricecompare" finished-at="2023-03-18T19:59:09 IST" duration-ms="2293" status="FAIL">
          <exception class="org.openqa.selenium.NoSuchElementException">
            <message>
              <![CDATA[Cannot locate option with index: 6
For documentation on this error, please visit: https://www.seleniumhq.org/exceptions/no_such_element.html
Build info: version: '3.141.59', revision: 'e82be7d358', time: '2018-11-14T08:25:53'
System info: host: 'KIRAN', ip: '192.168.180.108', os.name: 'Windows 11', os.arch: 'amd64', os.version: '10.0', java.version: '17.0.2'
Driver info: driver.version: unknown]]>
            </message>
            <full-stacktrace>
              <![CDATA[org.openqa.selenium.NoSuchElementException: Cannot locate option with index: 6
For documentation on this error, please visit: https://www.seleniumhq.org/exceptions/no_such_element.html
Build info: version: '3.141.59', revision: 'e82be7d358', time: '2018-11-14T08:25:53'
System info: host: 'KIRAN', ip: '192.168.180.108', os.name: 'Windows 11', os.arch: 'amd64', os.version: '10.0', java.version: '17.0.2'
Driver info: driver.version: unknown
at org.openqa.selenium.support.ui.Select.setSelectedByIndex(Select.java:297)
at org.openqa.selenium.support.ui.Select.selectByIndex(Select.java:172)
at com.automation.generic.Select_Dropdown_Options.select_By_index(Select_Dropdown_Options.java:15)
at com.automation.testscripts.TS_PriceComparision_Demowebshop.pricecompare(TS_PriceComparision_Demowebshop.java:25)
at java.base/jdk.internal.reflect.NativeMethodAccessorImpl.invoke0(Native Method)
at java.base/jdk.internal.reflect.NativeMethodAccessorImpl.invoke(NativeMethodAccessorImpl.java:77)
at java.base/jdk.internal.reflect.DelegatingMethodAccessorImpl.invoke(DelegatingMethodAccessorImpl.java:43)
at java.base/java.lang.reflect.Method.invoke(Method.java:568)
at org.testng.internal.MethodInvocationHelper.invokeMethod(MethodInvocationHelper.java:133)
at org.testng.internal.TestInvoker.invokeMethod(TestInvoker.java:598)
at org.testng.internal.TestInvoker.invokeTestMethod(TestInvoker.java:173)
at org.testng.internal.MethodRunner.runInSequence(MethodRunner.java:46)
at org.testng.internal.TestInvoker$MethodInvocationAgent.invoke(TestInvoker.java:824)
at org.testng.internal.TestInvoker.invokeTestMethods(TestInvoker.java:146)
at org.testng.internal.TestMethodWorker.invokeTestMethods(TestMethodWorker.java:146)
at org.testng.internal.TestMethodWorker.run(TestMethodWorker.java:128)
at java.base/java.util.ArrayList.forEach(ArrayList.java:1511)
at org.testng.TestRunner.privateRun(TestRunner.java:794)
at org.testng.TestRunner.run(TestRunner.java:596)
at org.testng.SuiteRunner.runTest(SuiteRunner.java:377)
at org.testng.SuiteRunner.runSequentially(SuiteRunner.java:371)
at org.testng.SuiteRunner.privateRun(SuiteRunner.java:332)
at org.testng.SuiteRunner.run(SuiteRunner.java:276)
at org.testng.SuiteRunnerWorker.runSuite(SuiteRunnerWorker.java:53)
at org.testng.SuiteRunnerWorker.run(SuiteRunnerWorker.java:96)
at org.testng.TestNG.runSuitesSequentially(TestNG.java:1212)
at org.testng.TestNG.runSuitesLocally(TestNG.java:1134)
at org.testng.TestNG.runSuites(TestNG.java:1063)
at org.testng.TestNG.run(TestNG.java:1031)
at org.testng.remote.AbstractRemoteTestNG.run(AbstractRemoteTestNG.java:115)
at org.testng.remote.RemoteTestNG.initAndRun(RemoteTestNG.java:251)
at org.testng.remote.RemoteTestNG.main(RemoteTestNG.java:77)
]]>
            </full-stacktrace>
          </exception> <!-- org.openqa.selenium.NoSuchElementException -->
          <reporter-output>
          </reporter-output>
        </test-method> <!-- pricecompare -->
        <test-method is-config="true" signature="log_out()[pri:0, instance:com.automation.testscripts.TS_PriceComparision_Demowebshop@6bedbc4d]" started-at="2023-03-18T19:59:10 IST" name="log_out" finished-at="2023-03-18T19:59:11 IST" duration-ms="938" status="PASS">
          <reporter-output>
          </reporter-output>
        </test-method> <!-- log_out -->
        <test-method is-config="true" signature="closeBrowser()[pri:0, instance:com.automation.testscripts.TS_PriceComparision_Demowebshop@6bedbc4d]" started-at="2023-03-18T19:59:11 IST" name="closeBrowser" finished-at="2023-03-18T19:59:12 IST" duration-ms="896" status="PASS">
          <reporter-output>
          </reporter-output>
        </test-method> <!-- closeBrowser -->
        <test-method is-config="true" signature="repclose()[pri:0, instance:com.automation.testscripts.TS_PriceComparision_Demowebshop@6bedbc4d]" started-at="2023-03-18T19:59:12 IST" name="repclose" finished-at="2023-03-18T19:59:12 IST" duration-ms="432" status="PASS">
          <reporter-output>
          </reporter-output>
        </test-method> <!-- repclose -->
      </class> <!-- com.automation.testscripts.TS_PriceComparision_Demowebshop -->
    </test> <!-- Test -->
  </suite> <!-- Suite -->
</testng-results>
